[debug] [2019-08-11T02:25:56.053Z] ----------------------------------------------------------------------
[debug] [2019-08-11T02:25:56.060Z] Command:       /usr/local/bin/node /usr/local/bin/firebase init firestore
[debug] [2019-08-11T02:25:56.060Z] CLI Version:   7.2.2
[debug] [2019-08-11T02:25:56.061Z] Platform:      darwin
[debug] [2019-08-11T02:25:56.061Z] Node Version:  v10.16.1
[debug] [2019-08-11T02:25:56.063Z] Time:          Sat Aug 10 2019 21:25:56 GMT-0500 (Eastern Standard Time)
[debug] [2019-08-11T02:25:56.063Z] ----------------------------------------------------------------------
[debug] 
[debug] [2019-08-11T02:25:56.115Z] > command requires scopes: ["email","openid","https://www.googleapis.com/auth/cloudplatformprojects.readonly","https://www.googleapis.com/auth/firebase","https://www.googleapis.com/auth/cloud-platform"]
[debug] [2019-08-11T02:25:56.116Z] > authorizing via signed-in user
[info] 
     ######## #### ########  ######## ########     ###     ######  ########
     ##        ##  ##     ## ##       ##     ##  ##   ##  ##       ##
     ######    ##  ########  ######   ########  #########  ######  ######
     ##        ##  ##    ##  ##       ##     ## ##     ##       ## ##
     ##       #### ##     ## ######## ########  ##     ##  ######  ########

You're about to initialize a Firebase project in this directory:

  /Users/drehendz/drehendz

[info] 
=== Project Setup
[info] 
[info] First, let's associate this project directory with a Firebase project.
[info] You can create multiple project aliases by running firebase use --add, 
[info] but for now we'll just set up a default project.
[info] 
[debug] [2019-08-11T02:25:56.140Z] >>> HTTP REQUEST GET https://firebase.googleapis.com/v1beta1/projects?page_size=100  
 
[debug] [2019-08-11T02:25:57.131Z] <<< HTTP RESPONSE 200
[info] i  Using project drehendz (drehendz)
[info] 
=== Firestore Setup
[debug] [2019-08-11T02:26:32.903Z] > command requires scopes: ["email","openid","https://www.googleapis.com/auth/cloudplatformprojects.readonly","https://www.googleapis.com/auth/firebase","https://www.googleapis.com/auth/cloud-platform"]
[debug] [2019-08-11T02:26:32.904Z] > authorizing via signed-in user
[debug] [2019-08-11T02:26:32.906Z] >>> HTTP REQUEST GET https://firebase.googleapis.com/v1beta1/projects/drehendz  
 
[debug] [2019-08-11T02:26:33.339Z] <<< HTTP RESPONSE 200
[info] 
[info] Firestore Security Rules allow you to define how and when to allow
[info] requests. You can keep these rules in your project directory
[info] and publish them with firebase deploy.
[info] 
